0 verbose cli D:\node.exe C:\Users\SHEIKHANI LAPTOP\AppData\Roaming\npm\node_modules\npm\bin\npm-cli.js
1 info using npm@10.5.0
2 info using node@v20.12.0
3 timing npm:load:whichnode Completed in 8ms
4 timing config:load:defaults Completed in 7ms
5 timing config:load:file:C:\Users\SHEIKHANI LAPTOP\AppData\Roaming\npm\node_modules\npm\npmrc Completed in 10ms
6 timing config:load:builtin Completed in 10ms
7 timing config:load:cli Completed in 2ms
8 timing config:load:env Completed in 0ms
9 timing config:load:file:C:\Users\SHEIKHANI LAPTOP\Desktop\Ramzan Session\atm\.npmrc Completed in 0ms
10 timing config:load:project Completed in 3ms
11 timing config:load:file:C:\Users\SHEIKHANI LAPTOP\.npmrc Completed in 11ms
12 timing config:load:user Completed in 12ms
13 timing config:load:file:C:\Users\SHEIKHANI LAPTOP\Desktop\Ramzan Session\atm\%AppData%\npm\etc\npmrc Completed in 0ms
14 timing config:load:global Completed in 0ms
15 timing config:load:setEnvs Completed in 2ms
16 timing config:load Completed in 38ms
17 timing npm:load:configload Completed in 38ms
18 timing config:load:flatten Completed in 4ms
19 timing npm:load:mkdirpcache Completed in 1ms
20 timing npm:load:mkdirplogs Completed in 0ms
21 verbose title npm install chalk
22 verbose argv "install" "chalk"
23 timing npm:load:setTitle Completed in 1ms
24 timing npm:load:display Completed in 1ms
25 verbose logfile logs-max:10 dir:C:\Users\SHEIKHANI LAPTOP\Desktop\Ramzan Session\atm\%AppData%\npm-cache\_logs\2024-04-01T15_52_05_534Z-
26 verbose logfile C:\Users\SHEIKHANI LAPTOP\Desktop\Ramzan Session\atm\%AppData%\npm-cache\_logs\2024-04-01T15_52_05_534Z-debug-0.log
27 timing npm:load:logFile Completed in 18ms
28 timing npm:load:timers Completed in 0ms
29 timing npm:load:configScope Completed in 0ms
30 timing npm:load Completed in 126ms
31 timing arborist:ctor Completed in 1ms
32 silly logfile done cleaning log files
33 timing idealTree:init Completed in 111ms
34 timing idealTree:userRequests Completed in 2ms
35 silly idealTree buildDeps
36 silly fetch manifest chalk@*
37 timing arborist:ctor Completed in 0ms
38 http fetch GET 200 https://registry.npmjs.org/chalk 3863ms (cache miss)
39 silly placeDep ROOT chalk@5.3.0 REPLACE for: atm-operations@1.0.0 want: *
40 timing idealTree:#root Completed in 3893ms
41 timing idealTree:node_modules/chalk Completed in 0ms
42 timing idealTree:buildDeps Completed in 3896ms
43 timing idealTree:fixDepFlags Completed in 4ms
44 timing idealTree Completed in 4020ms
45 timing reify:loadTrees Completed in 4022ms
46 timing reify:diffTrees Completed in 11ms
47 silly reify moves {}
48 timing reify:retireShallow Completed in 3ms
49 timing reify:createSparse Completed in 0ms
50 timing reify:loadBundles Completed in 0ms
51 silly audit bulk request {
51 silly audit   '@ljharb/through': [ '2.3.13' ],
51 silly audit   '@types/inquirer': [ '9.0.7' ],
51 silly audit   '@types/node': [ '20.11.30' ],
51 silly audit   '@types/through': [ '0.0.33' ],
51 silly audit   accepts: [ '1.3.8' ],
51 silly audit   'ansi-escapes': [ '4.3.2' ],
51 silly audit   'ansi-regex': [ '5.0.1' ],
51 silly audit   'ansi-styles': [ '4.3.0' ],
51 silly audit   'array-flatten': [ '1.1.1' ],
51 silly audit   'base64-js': [ '1.5.1' ],
51 silly audit   bl: [ '4.1.0' ],
51 silly audit   'body-parser': [ '1.20.2' ],
51 silly audit   buffer: [ '5.7.1' ],
51 silly audit   bytes: [ '3.1.2' ],
51 silly audit   'call-bind': [ '1.0.7' ],
51 silly audit   chalk: [ '4.1.2', '5.3.0' ],
51 silly audit   chardet: [ '0.7.0' ],
51 silly audit   'cli-cursor': [ '3.1.0' ],
51 silly audit   'cli-spinners': [ '2.9.2' ],
51 silly audit   'cli-width': [ '4.1.0' ],
51 silly audit   clone: [ '1.0.4' ],
51 silly audit   'color-convert': [ '2.0.1' ],
51 silly audit   'color-name': [ '1.1.4' ],
51 silly audit   'content-disposition': [ '0.5.4' ],
51 silly audit   'content-type': [ '1.0.5' ],
51 silly audit   cookie: [ '0.6.0' ],
51 silly audit   'cookie-signature': [ '1.0.6' ],
51 silly audit   debug: [ '2.6.9' ],
51 silly audit   defaults: [ '1.0.4' ],
51 silly audit   'define-data-property': [ '1.1.4' ],
51 silly audit   depd: [ '2.0.0' ],
51 silly audit   destroy: [ '1.2.0' ],
51 silly audit   'ee-first': [ '1.1.1' ],
51 silly audit   'emoji-regex': [ '8.0.0' ],
51 silly audit   encodeurl: [ '1.0.2' ],
51 silly audit   'es-define-property': [ '1.0.0' ],
51 silly audit   'es-errors': [ '1.3.0' ],
51 silly audit   'escape-html': [ '1.0.3' ],
51 silly audit   'escape-string-regexp': [ '1.0.5' ],
51 silly audit   etag: [ '1.8.1' ],
51 silly audit   express: [ '4.19.2' ],
51 silly audit   'external-editor': [ '3.1.0' ],
51 silly audit   figures: [ '3.2.0' ],
51 silly audit   finalhandler: [ '1.2.0' ],
51 silly audit   forwarded: [ '0.2.0' ],
51 silly audit   fresh: [ '0.5.2' ],
51 silly audit   'function-bind': [ '1.1.2' ],
51 silly audit   'get-intrinsic': [ '1.2.4' ],
51 silly audit   gopd: [ '1.0.1' ],
51 silly audit   'has-flag': [ '4.0.0' ],
51 silly audit   'has-property-descriptors': [ '1.0.2' ],
51 silly audit   'has-proto': [ '1.0.3' ],
51 silly audit   'has-symbols': [ '1.0.3' ],
51 silly audit   hasown: [ '2.0.2' ],
51 silly audit   'http-errors': [ '2.0.0' ],
51 silly audit   'iconv-lite': [ '0.4.24' ],
51 silly audit   ieee754: [ '1.2.1' ],
51 silly audit   inherits: [ '2.0.4' ],
51 silly audit   inquirer: [ '9.2.16' ],
51 silly audit   'ipaddr.js': [ '1.9.1' ],
51 silly audit   'is-fullwidth-code-point': [ '3.0.0' ],
51 silly audit   'is-interactive': [ '1.0.0' ],
51 silly audit   'is-unicode-supported': [ '0.1.0' ],
51 silly audit   lodash: [ '4.17.21' ],
51 silly audit   'log-symbols': [ '4.1.0' ],
51 silly audit   'media-typer': [ '0.3.0' ],
51 silly audit   'merge-descriptors': [ '1.0.1' ],
51 silly audit   methods: [ '1.1.2' ],
51 silly audit   mime: [ '1.6.0' ],
51 silly audit   'mime-db': [ '1.52.0' ],
51 silly audit   'mime-types': [ '2.1.35' ],
51 silly audit   'mimic-fn': [ '2.1.0' ],
51 silly audit   ms: [ '2.0.0', '2.1.3' ],
51 silly audit   'mute-stream': [ '1.0.0' ],
51 silly audit   negotiator: [ '0.6.3' ],
51 silly audit   'object-inspect': [ '1.13.1' ],
51 silly audit   'on-finished': [ '2.4.1' ],
51 silly audit   onetime: [ '5.1.2' ],
51 silly audit   ora: [ '5.4.1' ],
51 silly audit   'os-tmpdir': [ '1.0.2' ],
51 silly audit   parseurl: [ '1.3.3' ],
51 silly audit   'path-to-regexp': [ '0.1.7' ],
51 silly audit   'proxy-addr': [ '2.0.7' ],
51 silly audit   qs: [ '6.11.0' ],
51 silly audit   'range-parser': [ '1.2.1' ],
51 silly audit   'raw-body': [ '2.5.2' ],
51 silly audit   'readable-stream': [ '3.6.2' ],
51 silly audit   'restore-cursor': [ '3.1.0' ],
51 silly audit   'run-async': [ '3.0.0' ],
51 silly audit   rxjs: [ '7.8.1' ],
51 silly audit   'safe-buffer': [ '5.2.1' ],
51 silly audit   'safer-buffer': [ '2.1.2' ],
51 silly audit   send: [ '0.18.0' ],
51 silly audit   'serve-static': [ '1.15.0' ],
51 silly audit   'set-function-length': [ '1.2.2' ],
51 silly audit   setprototypeof: [ '1.2.0' ],
51 silly audit   'side-channel': [ '1.0.6' ],
51 silly audit   'signal-exit': [ '3.0.7' ],
51 silly audit   statuses: [ '2.0.1' ],
51 silly audit   string_decoder: [ '1.3.0' ],
51 silly audit   'string-width': [ '4.2.3' ],
51 silly audit   'strip-ansi': [ '6.0.1' ],
51 silly audit   'supports-color': [ '7.2.0' ],
51 silly audit   tmp: [ '0.0.33' ],
51 silly audit   toidentifier: [ '1.0.1' ],
51 silly audit   tslib: [ '2.6.2' ],
51 silly audit   'type-fest': [ '0.21.3' ],
51 silly audit   'type-is': [ '1.6.18' ],
51 silly audit   'undici-types': [ '5.26.5' ],
51 silly audit   unpipe: [ '1.0.0' ],
51 silly audit   'util-deprecate': [ '1.0.2' ],
51 silly audit   'utils-merge': [ '1.0.1' ],
51 silly audit   vary: [ '1.1.2' ],
51 silly audit   wcwidth: [ '1.0.1' ],
51 silly audit   'wrap-ansi': [ '6.2.0' ]
51 silly audit }
52 timing reify:unpack Completed in 0ms
53 timing reify:unretire Completed in 0ms
54 timing build:queue Completed in 0ms
55 timing build:deps Completed in 1ms
56 timing build Completed in 1ms
57 timing reify:build Completed in 1ms
58 timing reify:trash Completed in 0ms
59 timing reify:save Completed in 67ms
60 http fetch POST 200 https://registry.npmjs.org/-/npm/v1/security/advisories/bulk 1502ms
61 timing auditReport:getReport Completed in 1509ms
62 silly audit report {}
63 timing auditReport:init Completed in 0ms
64 timing reify:audit Completed in 1511ms
65 timing reify Completed in 5688ms
66 timing command:install Completed in 5721ms
67 verbose exit 0
68 timing npm Completed in 11818ms
69 info ok
