0 verbose cli D:\node.exe C:\Users\SHEIKHANI LAPTOP\AppData\Roaming\npm\node_modules\npm\bin\npm-cli.js
1 info using npm@10.5.0
2 info using node@v20.12.0
3 timing npm:load:whichnode Completed in 9ms
4 timing config:load:defaults Completed in 7ms
5 timing config:load:file:C:\Users\SHEIKHANI LAPTOP\AppData\Roaming\npm\node_modules\npm\npmrc Completed in 5ms
6 timing config:load:builtin Completed in 6ms
7 timing config:load:cli Completed in 2ms
8 timing config:load:env Completed in 1ms
9 timing config:load:file:C:\Users\SHEIKHANI LAPTOP\Desktop\Ramzan Session\atm\.npmrc Completed in 0ms
10 timing config:load:project Completed in 4ms
11 timing config:load:file:C:\Users\SHEIKHANI LAPTOP\.npmrc Completed in 1ms
12 timing config:load:user Completed in 1ms
13 timing config:load:file:C:\Users\SHEIKHANI LAPTOP\Desktop\Ramzan Session\atm\%AppData%\npm\etc\npmrc Completed in 0ms
14 timing config:load:global Completed in 0ms
15 timing config:load:setEnvs Completed in 2ms
16 timing config:load Completed in 24ms
17 timing npm:load:configload Completed in 24ms
18 timing config:load:flatten Completed in 4ms
19 timing npm:load:mkdirpcache Completed in 1ms
20 timing npm:load:mkdirplogs Completed in 0ms
21 verbose title npm install @types/chalk
22 verbose argv "install" "@types/chalk" "--save-dev"
23 timing npm:load:setTitle Completed in 2ms
24 timing npm:load:display Completed in 0ms
25 verbose logfile logs-max:10 dir:C:\Users\SHEIKHANI LAPTOP\Desktop\Ramzan Session\atm\%AppData%\npm-cache\_logs\2024-04-01T15_53_07_122Z-
26 verbose logfile C:\Users\SHEIKHANI LAPTOP\Desktop\Ramzan Session\atm\%AppData%\npm-cache\_logs\2024-04-01T15_53_07_122Z-debug-0.log
27 timing npm:load:logFile Completed in 17ms
28 timing npm:load:timers Completed in 0ms
29 timing npm:load:configScope Completed in 0ms
30 timing npm:load Completed in 96ms
31 timing arborist:ctor Completed in 1ms
32 silly logfile done cleaning log files
33 timing idealTree:init Completed in 88ms
34 timing idealTree:userRequests Completed in 1ms
35 silly idealTree buildDeps
36 silly fetch manifest @types/chalk@*
37 timing arborist:ctor Completed in 0ms
38 http fetch GET 200 https://registry.npmjs.org/@types%2fchalk 2513ms (cache miss)
39 silly placeDep ROOT @types/chalk@2.2.0 OK for: atm-operations@1.0.0 want: *
40 timing idealTree:#root Completed in 2541ms
41 timing idealTree:node_modules/@types/chalk Completed in 0ms
42 timing idealTree:buildDeps Completed in 2544ms
43 timing idealTree:fixDepFlags Completed in 6ms
44 timing idealTree Completed in 2647ms
45 timing reify:loadTrees Completed in 2649ms
46 timing reify:diffTrees Completed in 10ms
47 silly reify moves {}
48 timing reify:retireShallow Completed in 4ms
49 timing reify:createSparse Completed in 3ms
50 timing reify:loadBundles Completed in 0ms
51 silly audit bulk request {
51 silly audit   '@ljharb/through': [ '2.3.13' ],
51 silly audit   '@types/inquirer': [ '9.0.7' ],
51 silly audit   '@types/node': [ '20.11.30' ],
51 silly audit   '@types/through': [ '0.0.33' ],
51 silly audit   accepts: [ '1.3.8' ],
51 silly audit   'ansi-escapes': [ '4.3.2' ],
51 silly audit   'ansi-regex': [ '5.0.1' ],
51 silly audit   'ansi-styles': [ '4.3.0' ],
51 silly audit   'array-flatten': [ '1.1.1' ],
51 silly audit   'base64-js': [ '1.5.1' ],
51 silly audit   bl: [ '4.1.0' ],
51 silly audit   'body-parser': [ '1.20.2' ],
51 silly audit   buffer: [ '5.7.1' ],
51 silly audit   bytes: [ '3.1.2' ],
51 silly audit   'call-bind': [ '1.0.7' ],
51 silly audit   chalk: [ '5.3.0', '4.1.2' ],
51 silly audit   chardet: [ '0.7.0' ],
51 silly audit   'cli-cursor': [ '3.1.0' ],
51 silly audit   'cli-spinners': [ '2.9.2' ],
51 silly audit   'cli-width': [ '4.1.0' ],
51 silly audit   clone: [ '1.0.4' ],
51 silly audit   'color-convert': [ '2.0.1' ],
51 silly audit   'color-name': [ '1.1.4' ],
51 silly audit   'content-disposition': [ '0.5.4' ],
51 silly audit   'content-type': [ '1.0.5' ],
51 silly audit   cookie: [ '0.6.0' ],
51 silly audit   'cookie-signature': [ '1.0.6' ],
51 silly audit   debug: [ '2.6.9' ],
51 silly audit   defaults: [ '1.0.4' ],
51 silly audit   'define-data-property': [ '1.1.4' ],
51 silly audit   depd: [ '2.0.0' ],
51 silly audit   destroy: [ '1.2.0' ],
51 silly audit   'ee-first': [ '1.1.1' ],
51 silly audit   'emoji-regex': [ '8.0.0' ],
51 silly audit   encodeurl: [ '1.0.2' ],
51 silly audit   'es-define-property': [ '1.0.0' ],
51 silly audit   'es-errors': [ '1.3.0' ],
51 silly audit   'escape-html': [ '1.0.3' ],
51 silly audit   'escape-string-regexp': [ '1.0.5' ],
51 silly audit   etag: [ '1.8.1' ],
51 silly audit   express: [ '4.19.2' ],
51 silly audit   'external-editor': [ '3.1.0' ],
51 silly audit   figures: [ '3.2.0' ],
51 silly audit   finalhandler: [ '1.2.0' ],
51 silly audit   forwarded: [ '0.2.0' ],
51 silly audit   fresh: [ '0.5.2' ],
51 silly audit   'function-bind': [ '1.1.2' ],
51 silly audit   'get-intrinsic': [ '1.2.4' ],
51 silly audit   gopd: [ '1.0.1' ],
51 silly audit   'has-flag': [ '4.0.0' ],
51 silly audit   'has-property-descriptors': [ '1.0.2' ],
51 silly audit   'has-proto': [ '1.0.3' ],
51 silly audit   'has-symbols': [ '1.0.3' ],
51 silly audit   hasown: [ '2.0.2' ],
51 silly audit   'http-errors': [ '2.0.0' ],
51 silly audit   'iconv-lite': [ '0.4.24' ],
51 silly audit   ieee754: [ '1.2.1' ],
51 silly audit   inherits: [ '2.0.4' ],
51 silly audit   inquirer: [ '9.2.16' ],
51 silly audit   'ipaddr.js': [ '1.9.1' ],
51 silly audit   'is-fullwidth-code-point': [ '3.0.0' ],
51 silly audit   'is-interactive': [ '1.0.0' ],
51 silly audit   'is-unicode-supported': [ '0.1.0' ],
51 silly audit   lodash: [ '4.17.21' ],
51 silly audit   'log-symbols': [ '4.1.0' ],
51 silly audit   'media-typer': [ '0.3.0' ],
51 silly audit   'merge-descriptors': [ '1.0.1' ],
51 silly audit   methods: [ '1.1.2' ],
51 silly audit   mime: [ '1.6.0' ],
51 silly audit   'mime-db': [ '1.52.0' ],
51 silly audit   'mime-types': [ '2.1.35' ],
51 silly audit   'mimic-fn': [ '2.1.0' ],
51 silly audit   ms: [ '2.0.0', '2.1.3' ],
51 silly audit   'mute-stream': [ '1.0.0' ],
51 silly audit   negotiator: [ '0.6.3' ],
51 silly audit   'object-inspect': [ '1.13.1' ],
51 silly audit   'on-finished': [ '2.4.1' ],
51 silly audit   onetime: [ '5.1.2' ],
51 silly audit   ora: [ '5.4.1' ],
51 silly audit   'os-tmpdir': [ '1.0.2' ],
51 silly audit   parseurl: [ '1.3.3' ],
51 silly audit   'path-to-regexp': [ '0.1.7' ],
51 silly audit   'proxy-addr': [ '2.0.7' ],
51 silly audit   qs: [ '6.11.0' ],
51 silly audit   'range-parser': [ '1.2.1' ],
51 silly audit   'raw-body': [ '2.5.2' ],
51 silly audit   'readable-stream': [ '3.6.2' ],
51 silly audit   'restore-cursor': [ '3.1.0' ],
51 silly audit   'run-async': [ '3.0.0' ],
51 silly audit   rxjs: [ '7.8.1' ],
51 silly audit   'safe-buffer': [ '5.2.1' ],
51 silly audit   'safer-buffer': [ '2.1.2' ],
51 silly audit   send: [ '0.18.0' ],
51 silly audit   'serve-static': [ '1.15.0' ],
51 silly audit   'set-function-length': [ '1.2.2' ],
51 silly audit   setprototypeof: [ '1.2.0' ],
51 silly audit   'side-channel': [ '1.0.6' ],
51 silly audit   'signal-exit': [ '3.0.7' ],
51 silly audit   statuses: [ '2.0.1' ],
51 silly audit   string_decoder: [ '1.3.0' ],
51 silly audit   'string-width': [ '4.2.3' ],
51 silly audit   'strip-ansi': [ '6.0.1' ],
51 silly audit   'supports-color': [ '7.2.0' ],
51 silly audit   tmp: [ '0.0.33' ],
51 silly audit   toidentifier: [ '1.0.1' ],
51 silly audit   tslib: [ '2.6.2' ],
51 silly audit   'type-fest': [ '0.21.3' ],
51 silly audit   'type-is': [ '1.6.18' ],
51 silly audit   'undici-types': [ '5.26.5' ],
51 silly audit   unpipe: [ '1.0.0' ],
51 silly audit   'util-deprecate': [ '1.0.2' ],
51 silly audit   'utils-merge': [ '1.0.1' ],
51 silly audit   vary: [ '1.1.2' ],
51 silly audit   wcwidth: [ '1.0.1' ],
51 silly audit   'wrap-ansi': [ '6.2.0' ],
51 silly audit   '@types/chalk': [ '2.2.0' ]
51 silly audit }
52 silly tarball no local data for @types/chalk@https://registry.npmjs.org/@types/chalk/-/chalk-2.2.0.tgz. Extracting by manifest.
53 http fetch POST 200 https://registry.npmjs.org/-/npm/v1/security/advisories/bulk 484ms
54 timing auditReport:getReport Completed in 492ms
55 silly audit report {}
56 timing auditReport:init Completed in 0ms
57 timing reify:audit Completed in 495ms
58 http fetch GET 200 https://registry.npmjs.org/@types/chalk/-/chalk-2.2.0.tgz 1205ms (cache miss)
59 warn deprecated @types/chalk@2.2.0: This is a stub types definition for chalk (https://github.com/chalk/chalk). chalk provides its own type definitions, so you don't need @types/chalk installed!
60 timing reifyNode:node_modules/@types/chalk Completed in 1223ms
61 timing reify:unpack Completed in 1223ms
62 timing reify:unretire Completed in 0ms
63 timing build:queue Completed in 1ms
64 timing build:deps Completed in 2ms
65 timing build Completed in 3ms
66 timing reify:build Completed in 8ms
67 timing reify:trash Completed in 0ms
68 timing reify:save Completed in 134ms
69 timing reify Completed in 4146ms
70 silly ADD node_modules/@types/chalk
71 timing command:install Completed in 4159ms
72 verbose exit 0
73 timing npm Completed in 4839ms
74 info ok
